npo_app/openCVLibrary341/build/intermediates/manifest_merge_blame_file/debug/manifest-merger-blame-debug-report.txt
1<?xml version="1.0" encoding="utf-8"?>
2<manifest xmlns:android="http://schemas.android.com/apk/res/android"
3    package="org.opencv"
4    android:versionCode="3410"
5    android:versionName="3.4.1" > <!-- <uses-sdk android:minSdkVersion="8" android:targetSdkVersion="21" /> -->
6    <uses-sdk
7        android:minSdkVersion="8"
<<<<<<< HEAD
7-->src\main\AndroidManifest.xml
8        android:targetSdkVersion="27" />
8-->src\main\AndroidManifest.xml
=======
7-->src\main\AndroidManifest.xml
8        android:targetSdkVersion="27" />
8-->src\main\AndroidManifest.xml
>>>>>>> 9ee6b56d79b5656b34639617e76fd38dd18421d1
9
10</manifest>